<?xml version="1.0" encoding="utf-8"?><testsuites name="pytest tests"><testsuite name="pytest" errors="0" failures="0" skipped="9" tests="10" time="0.617" timestamp="2026-01-09T18:12:14.162064+00:00" hostname="agent-env-9dc71ec9-a190-4bf7-a478-2a392c7a6ce0"><testcase classname="tests.test_session_api.TestSessionEventAPI" name="test_get_session_state" time="0.060"><skipped type="pytest.skip" message="Authentication failed: No session cookie set after login">/app/tests/test_session_api.py:65: Authentication failed: No session cookie set after login</skipped></testcase><testcase classname="tests.test_session_api.TestSessionEventAPI" name="test_post_play_event" time="0.084"><skipped type="pytest.skip" message="Authentication failed: No session cookie set after login">/app/tests/test_session_api.py:85: Authentication failed: No session cookie set after login</skipped></testcase><testcase classname="tests.test_session_api.TestSessionEventAPI" name="test_post_pause_event" time="0.072"><skipped type="pytest.skip" message="Authentication failed: No session cookie set after login">/app/tests/test_session_api.py:103: Authentication failed: No session cookie set after login</skipped></testcase><testcase classname="tests.test_session_api.TestSessionEventAPI" name="test_post_seek_event" time="0.033"><skipped type="pytest.skip" message="Authentication failed: No session cookie set after login">/app/tests/test_session_api.py:120: Authentication failed: No session cookie set after login</skipped></testcase><testcase classname="tests.test_session_api.TestSessionEventAPI" name="test_post_volume_event" time="0.084"><skipped type="pytest.skip" message="Authentication failed: No session cookie set after login">/app/tests/test_session_api.py:137: Authentication failed: No session cookie set after login</skipped></testcase><testcase classname="tests.test_session_api.TestSessionEventAPI" name="test_invalid_event_type" time="0.029"><skipped type="pytest.skip" message="Authentication failed: No session cookie set after login">/app/tests/test_session_api.py:154: Authentication failed: No session cookie set after login</skipped></testcase><testcase classname="tests.test_session_api.TestSessionEventAPI" name="test_missing_event_data" time="0.038"><skipped type="pytest.skip" message="Authentication failed: No session cookie set after login">/app/tests/test_session_api.py:169: Authentication failed: No session cookie set after login</skipped></testcase><testcase classname="tests.test_session_api.TestSessionEventAPI" name="test_nonexistent_session" time="0.066"><skipped type="pytest.skip" message="Authentication failed: No session cookie set after login">/app/tests/test_session_api.py:184: Authentication failed: No session cookie set after login</skipped></testcase><testcase classname="tests.test_session_api.TestSessionPageAccess" name="test_unauthenticated_redirects_to_login" time="0.024" /><testcase classname="tests.test_session_api.TestSessionPageAccess" name="test_authenticated_user_can_access_session" time="0.021"><skipped type="pytest.skip" message="Authentication failed: No session cookie set after login">/app/tests/test_session_api.py:215: Authentication failed: No session cookie set after login</skipped></testcase></testsuite></testsuites>