<?xml version="1.0" encoding="utf-8"?><testsuites name="pytest tests"><testsuite name="pytest" errors="0" failures="8" skipped="0" tests="9" time="1.764" timestamp="2026-01-09T18:11:40.426312+00:00" hostname="agent-env-9dc71ec9-a190-4bf7-a478-2a392c7a6ce0"><testcase classname="tests.test_session_api.TestSessionEventAPI" name="test_get_session_state" time="0.228"><failure message="assert 401 == 200&#10; +  where 401 = &lt;Response [401]&gt;.status_code">tests/test_session_api.py:46: in test_get_session_state
    assert response.status_code == 200
E   assert 401 == 200
E    +  where 401 = &lt;Response [401]&gt;.status_code</failure></testcase><testcase classname="tests.test_session_api.TestSessionEventAPI" name="test_post_play_event" time="0.211"><failure message="assert 401 == 200&#10; +  where 401 = &lt;Response [401]&gt;.status_code">tests/test_session_api.py:71: in test_post_play_event
    assert response.status_code == 200
E   assert 401 == 200
E    +  where 401 = &lt;Response [401]&gt;.status_code</failure></testcase><testcase classname="tests.test_session_api.TestSessionEventAPI" name="test_post_pause_event" time="0.163"><failure message="assert 401 == 200&#10; +  where 401 = &lt;Response [401]&gt;.status_code">tests/test_session_api.py:88: in test_post_pause_event
    assert response.status_code == 200
E   assert 401 == 200
E    +  where 401 = &lt;Response [401]&gt;.status_code</failure></testcase><testcase classname="tests.test_session_api.TestSessionEventAPI" name="test_post_seek_event" time="0.128"><failure message="assert 401 == 200&#10; +  where 401 = &lt;Response [401]&gt;.status_code">tests/test_session_api.py:104: in test_post_seek_event
    assert response.status_code == 200
E   assert 401 == 200
E    +  where 401 = &lt;Response [401]&gt;.status_code</failure></testcase><testcase classname="tests.test_session_api.TestSessionEventAPI" name="test_post_volume_event" time="0.119"><failure message="assert 401 == 200&#10; +  where 401 = &lt;Response [401]&gt;.status_code">tests/test_session_api.py:120: in test_post_volume_event
    assert response.status_code == 200
E   assert 401 == 200
E    +  where 401 = &lt;Response [401]&gt;.status_code</failure></testcase><testcase classname="tests.test_session_api.TestSessionEventAPI" name="test_invalid_event_type" time="0.285"><failure message="assert 401 == 400&#10; +  where 401 = &lt;Response [401]&gt;.status_code">tests/test_session_api.py:136: in test_invalid_event_type
    assert response.status_code == 400
E   assert 401 == 400
E    +  where 401 = &lt;Response [401]&gt;.status_code</failure></testcase><testcase classname="tests.test_session_api.TestSessionEventAPI" name="test_missing_event_data" time="0.192"><failure message="assert 401 == 400&#10; +  where 401 = &lt;Response [401]&gt;.status_code">tests/test_session_api.py:150: in test_missing_event_data
    assert response.status_code == 400
E   assert 401 == 400
E    +  where 401 = &lt;Response [401]&gt;.status_code</failure></testcase><testcase classname="tests.test_session_api.TestSessionEventAPI" name="test_nonexistent_session" time="0.200"><failure message="assert 401 == 404&#10; +  where 401 = &lt;Response [401]&gt;.status_code">tests/test_session_api.py:158: in test_nonexistent_session
    assert response.status_code == 404
E   assert 401 == 404
E    +  where 401 = &lt;Response [401]&gt;.status_code</failure></testcase><testcase classname="tests.test_session_api.TestSessionPageAccess" name="test_unauthenticated_redirects_to_login" time="0.012" /></testsuite></testsuites>